Determining if the pthread_create exist failed with the following output:
Change Dir: /home/marvin/catkin_ws/build/gundam_rx78_gazebo/CMakeFiles/CMakeTmp

Run Build Command:"/usr/bin/make" "cmTC_79440/fast"
/usr/bin/make -f CMakeFiles/cmTC_79440.dir/build.make CMakeFiles/cmTC_79440.dir/build
make[1]: Entering directory '/home/marvin/catkin_ws/build/gundam_rx78_gazebo/CMakeFiles/CMakeTmp'
Building C object CMakeFiles/cmTC_79440.dir/CheckSymbolExists.c.o
/usr/bin/cc    -o CMakeFiles/cmTC_79440.dir/CheckSymbolExists.c.o   -c /home/marvin/catkin_ws/build/gundam_rx78_gazebo/CMakeFiles/CMakeTmp/CheckSymbolExists.c
Linking C executable cmTC_79440
/usr/bin/cmake -E cmake_link_script CMakeFiles/cmTC_79440.dir/link.txt --verbose=1
/usr/bin/cc      -rdynamic CMakeFiles/cmTC_79440.dir/CheckSymbolExists.c.o  -o cmTC_79440 
CMakeFiles/cmTC_79440.dir/CheckSymbolExists.c.o: In function `main':
CheckSymbolExists.c:(.text+0x1b): undefined reference to `pthread_create'
collect2: error: ld returned 1 exit status
CMakeFiles/cmTC_79440.dir/build.make:97: recipe for target 'cmTC_79440' failed
make[1]: *** [cmTC_79440] Error 1
make[1]: Leaving directory '/home/marvin/catkin_ws/build/gundam_rx78_gazebo/CMakeFiles/CMakeTmp'
Makefile:126: recipe for target 'cmTC_79440/fast' failed
make: *** [cmTC_79440/fast] Error 2

File /home/marvin/catkin_ws/build/gundam_rx78_gazebo/CMakeFiles/CMakeTmp/CheckSymbolExists.c:
/* */
#include <pthread.h>

int main(int argc, char** argv)
{
  (void)argv;
#ifndef pthread_create
  return ((int*)(&pthread_create))[argc];
#else
  (void)argc;
  return 0;
#endif
}

Determining if the function pthread_create exists in the pthreads failed with the following output:
Change Dir: /home/marvin/catkin_ws/build/gundam_rx78_gazebo/CMakeFiles/CMakeTmp

Run Build Command:"/usr/bin/make" "cmTC_a3146/fast"
/usr/bin/make -f CMakeFiles/cmTC_a3146.dir/build.make CMakeFiles/cmTC_a3146.dir/build
make[1]: Entering directory '/home/marvin/catkin_ws/build/gundam_rx78_gazebo/CMakeFiles/CMakeTmp'
Building C object CMakeFiles/cmTC_a3146.dir/CheckFunctionExists.c.o
/usr/bin/cc   -DCHECK_FUNCTION_EXISTS=pthread_create   -o CMakeFiles/cmTC_a3146.dir/CheckFunctionExists.c.o   -c /usr/share/cmake-3.10/Modules/CheckFunctionExists.c
Linking C executable cmTC_a3146
/usr/bin/cmake -E cmake_link_script CMakeFiles/cmTC_a3146.dir/link.txt --verbose=1
/usr/bin/cc  -DCHECK_FUNCTION_EXISTS=pthread_create    -rdynamic CMakeFiles/cmTC_a3146.dir/CheckFunctionExists.c.o  -o cmTC_a3146 -lpthreads 
/usr/bin/ld: cannot find -lpthreads
collect2: error: ld returned 1 exit status
CMakeFiles/cmTC_a3146.dir/build.make:97: recipe for target 'cmTC_a3146' failed
make[1]: *** [cmTC_a3146] Error 1
make[1]: Leaving directory '/home/marvin/catkin_ws/build/gundam_rx78_gazebo/CMakeFiles/CMakeTmp'
Makefile:126: recipe for target 'cmTC_a3146/fast' failed
make: *** [cmTC_a3146/fast] Error 2


